<?xml version="1.0" encoding="UTF-8"?>
<testsuite xmlns:xsi="http://www.w3.org/2001/XMLSchema-instance" xsi:noNamespaceSchemaLocation="https://maven.apache.org/surefire/maven-surefire-plugin/xsd/surefire-test-report-3.0.xsd" version="3.0" name="com.example.weather.kafka.KafkaWeatherProviderTest" time="0.926" tests="4" errors="0" skipped="0" failures="0">
  <properties>
[...]
</properties>
  <testcase name="getForecast_returnsCachedForecast_withoutApiCall" classname="com.example.weather.kafka.KafkaWeatherProviderTest" time="0.882">
    <system-out><![CDATA[21:07:50.625 [main] ERROR io.netty.resolver.dns.DnsServerAddressStreamProviders -- Unable to load io.netty.resolver.dns.macos.MacOSDnsServerAddressStreamProvider, fallback to system defaults. This may result in incorrect DNS resolutions on MacOS. Check whether you have a dependency on 'io.netty:netty-resolver-dns-native-macos'. Use DEBUG level to see the full stack: java.lang.UnsatisfiedLinkError: failed to load the required native library
]]></system-out>
    <system-err><![CDATA[WARNING: A Java agent has been loaded dynamically (/Users/davidyu/.m2/repository/net/bytebuddy/byte-buddy-agent/1.14.12/byte-buddy-agent-1.14.12.jar)
WARNING: If a serviceability tool is in use, please run with -XX:+EnableDynamicAgentLoading to hide this warning
WARNING: If a serviceability tool is not in use, please run with -Djdk.instrument.traceUsage for more information
WARNING: Dynamic loading of agents will be disallowed by default in a future release
]]></system-err>
  </testcase>
  <testcase name="getForecast_returnsAggregatedDailyForecast" classname="com.example.weather.kafka.KafkaWeatherProviderTest" time="0.009"/>
  <testcase name="getForecast_kafkaEventPopulatesCache" classname="com.example.weather.kafka.KafkaWeatherProviderTest" time="0.016"/>
  <testcase name="getForecast_rateLimitExceeded_returnsError" classname="com.example.weather.kafka.KafkaWeatherProviderTest" time="0.004">
    <system-out><![CDATA[21:07:50.785 [main] WARN com.example.weather.kafka.KafkaWeatherProvider -- Daily API rate limit exceeded
]]></system-out>
  </testcase>
</testsuite>